<?xml version="1.0" encoding="UTF-8"?>
<testng-results ignored="0" total="1" passed="1" failed="0" skipped="0">
  <reporter-output>
  </reporter-output>
  <suite started-at="2021-10-16T10:55:05 PDT" name="Default suite" finished-at="2021-10-16T10:55:10 PDT" duration-ms="5504">
    <groups>
    </groups>
    <test started-at="2021-10-16T10:55:05 PDT" name="Default test" finished-at="2021-10-16T10:55:10 PDT" duration-ms="5504">
      <class name="TestCases.TestCase1">
        <test-method is-config="true" signature="baeUri()[pri:0, instance:TestCases.TestCase1@3c72f59f]" started-at="2021-10-16T10:55:05 PDT" name="baeUri" finished-at="2021-10-16T10:55:05 PDT" duration-ms="856" status="PASS">
          <reporter-output>
          </reporter-output>
        </test-method> <!-- baeUri -->
        <test-method signature="testLogin1()[pri:1, instance:TestCases.TestCase1@3c72f59f]" started-at="2021-10-16T10:55:05 PDT" name="testLogin1" finished-at="2021-10-16T10:55:10 PDT" duration-ms="4610" status="PASS">
          <reporter-output>
          </reporter-output>
        </test-method> <!-- testLogin1 -->
      </class> <!-- TestCases.TestCase1 -->
    </test> <!-- Default test -->
  </suite> <!-- Default suite -->
</testng-results>
