<?xml version="1.0" encoding="UTF-8"?>
<!-- Generated by org.testng.reporters.JUnitXMLReporter -->
<testsuite ignored="0" hostname="Krishnaas-MacBook-Air-2.local" failures="0" tests="1" name="Test" time="0.067" errors="0" timestamp="2021-08-17T11:54:29 PDT">
  <testcase classname="Base.Login" name="@BeforeMethod CreateReport" time="0.009">
    <failure type="java.lang.NullPointerException">
      <![CDATA[java.lang.NullPointerException
at Base.Login.CreateReport(Login.java:64)
at java.base/java.util.ArrayList.forEach(ArrayList.java:1507)
... Removed 31 stack frames]]>
    </failure>
  </testcase> <!-- @BeforeMethod CreateReport -->
  <testcase classname="Base.Login" name="test1" time="0.0">
    <skipped/>
  </testcase> <!-- test1 -->
</testsuite> <!-- Test -->
