<?xml version="1.0" encoding="UTF-8"?>
<!-- Generated by org.testng.reporters.JUnitXMLReporter -->
<testsuite ignored="4" hostname="Krishnaas-MacBook-Air.local" failures="0" tests="1" name="Default test" time="0.135" errors="0" timestamp="2021-06-12T18:31:00 PDT">
  <testcase classname="JavaPractice.StudentInfoTest" name="testStudentUsingSet" time="0.052"/>
  <testcase classname="JavaPractice.StudentInfoTest" name="testStudentInfo" time="0.0">
    <ignored/>
  </testcase> <!-- testStudentInfo -->
  <testcase classname="JavaPractice.StudentInfoTest" name="testStudentCollection" time="0.0">
    <ignored/>
  </testcase> <!-- testStudentCollection -->
  <testcase classname="JavaPractice.StudentInfoTest" name="testStudentInfo1" time="0.0">
    <ignored/>
  </testcase> <!-- testStudentInfo1 -->
  <testcase classname="JavaPractice.StudentInfoTest" name="testStudentUsingHash" time="0.0">
    <ignored/>
  </testcase> <!-- testStudentUsingHash -->
</testsuite> <!-- Default test -->
