<?xml version="1.0" encoding="UTF-8"?>
<!-- Generated by org.testng.reporters.JUnitXMLReporter -->
<testsuite ignored="2" hostname="Krishnaas-MacBook-Air.local" failures="0" tests="1" name="Default test" time="0.154" errors="0" timestamp="2021-06-16T17:53:26 PDT">
  <testcase classname="JavaPractice.UniqueoccurencesTest" name="test3" time="0.035"/>
  <testcase classname="JavaPractice.UniqueoccurencesTest" name="test2" time="0.0">
    <ignored/>
  </testcase> <!-- test2 -->
  <testcase classname="JavaPractice.UniqueoccurencesTest" name="test1" time="0.0">
    <ignored/>
  </testcase> <!-- test1 -->
</testsuite> <!-- Default test -->
