<?xml version="1.0" encoding="UTF-8"?>
<testng-results ignored="0" total="2" passed="2" failed="0" skipped="0">
  <reporter-output>
  </reporter-output>
  <suite started-at="2021-07-28T17:27:17 PDT" name="Default suite" finished-at="2021-07-28T17:27:17 PDT" duration-ms="51">
    <groups>
    </groups>
    <test started-at="2021-07-28T17:27:17 PDT" name="Default test" finished-at="2021-07-28T17:27:17 PDT" duration-ms="51">
      <class name="JavaPractive2Test.StactQueueLinkedListTest">
        <test-method signature="test1()[pri:0, instance:JavaPractive2Test.StactQueueLinkedListTest@3d299e3]" started-at="2021-07-28T17:27:17 PDT" name="test1" finished-at="2021-07-28T17:27:17 PDT" duration-ms="14" status="PASS">
          <reporter-output>
          </reporter-output>
        </test-method> <!-- test1 -->
        <test-method signature="test2()[pri:0, instance:JavaPractive2Test.StactQueueLinkedListTest@3d299e3]" started-at="2021-07-28T17:27:17 PDT" name="test2" finished-at="2021-07-28T17:27:17 PDT" duration-ms="3" status="PASS">
          <reporter-output>
          </reporter-output>
        </test-method> <!-- test2 -->
      </class> <!-- JavaPractive2Test.StactQueueLinkedListTest -->
    </test> <!-- Default test -->
  </suite> <!-- Default suite -->
</testng-results>
