<?xml version="1.0" encoding="UTF-8"?>
<testng-results ignored="2" total="3" passed="1" failed="0" skipped="0">
  <reporter-output>
  </reporter-output>
  <suite started-at="2021-06-16T17:53:25 PDT" name="Default suite" finished-at="2021-06-16T17:53:26 PDT" duration-ms="154">
    <groups>
    </groups>
    <test started-at="2021-06-16T17:53:25 PDT" name="Default test" finished-at="2021-06-16T17:53:26 PDT" duration-ms="154">
      <class name="JavaPractice.UniqueoccurencesTest">
        <test-method signature="test3()[pri:0, instance:JavaPractice.UniqueoccurencesTest@21507a04]" started-at="2021-06-16T17:53:26 PDT" name="test3" finished-at="2021-06-16T17:53:26 PDT" duration-ms="35" status="PASS">
          <reporter-output>
          </reporter-output>
        </test-method> <!-- test3 -->
      </class> <!-- JavaPractice.UniqueoccurencesTest -->
    </test> <!-- Default test -->
  </suite> <!-- Default suite -->
</testng-results>
